[debug] [2023-03-01T20:50:09.168Z] ----------------------------------------------------------------------
[debug] [2023-03-01T20:50:09.171Z] Command:       C:\Program Files\nodejs\node.exe C:\Users\DELL\AppData\Roaming\npm\node_modules\firebase-tools\lib\bin\firebase.js init
[debug] [2023-03-01T20:50:09.172Z] CLI Version:   11.23.1
[debug] [2023-03-01T20:50:09.172Z] Platform:      win32
[debug] [2023-03-01T20:50:09.172Z] Node Version:  v16.17.1
[debug] [2023-03-01T20:50:09.206Z] Time:          Thu Mar 02 2023 01:50:09 GMT+0500 (Pakistan Standard Time)
[debug] [2023-03-01T20:50:09.207Z] ----------------------------------------------------------------------
[debug] 
[debug] [2023-03-01T20:50:09.215Z] >>> [apiv2][query] GET https://firebase-public.firebaseio.com/cli.json [none]
[debug] [2023-03-01T20:50:09.259Z] > command requires scopes: ["email","openid","https://www.googleapis.com/auth/cloudplatformprojects.readonly","https://www.googleapis.com/auth/firebase","https://www.googleapis.com/auth/cloud-platform"]
[debug] [2023-03-01T20:50:09.260Z] > authorizing via signed-in user (numanjafarshahzad@gmail.com)
[info] 
     ######## #### ########  ######## ########     ###     ######  ########
     ##        ##  ##     ## ##       ##     ##  ##   ##  ##       ##
     ######    ##  ########  ######   ########  #########  ######  ######
     ##        ##  ##    ##  ##       ##     ## ##     ##       ## ##
     ##       #### ##     ## ######## ########  ##     ##  ######  ########

You're about to initialize a Firebase project in this directory:

  D:\Full Stack\masClone\seguros-nextjs

[debug] [2023-03-01T20:50:10.035Z] <<< [apiv2][status] GET https://firebase-public.firebaseio.com/cli.json 200
[debug] [2023-03-01T20:50:10.036Z] <<< [apiv2][body] GET https://firebase-public.firebaseio.com/cli.json {"cloudBuildErrorAfter":1594252800000,"cloudBuildWarnAfter":1590019200000,"defaultNode10After":1594252800000,"minVersion":"3.0.5","node8DeploysDisabledAfter":1613390400000,"node8RuntimeDisabledAfter":1615809600000,"node8WarnAfter":1600128000000}
[debug] [2023-03-01T20:52:04.162Z] ----------------------------------------------------------------------
[debug] [2023-03-01T20:52:04.164Z] Command:       C:\Program Files\nodejs\node.exe C:\Users\DELL\AppData\Roaming\npm\node_modules\firebase-tools\lib\bin\firebase.js init
[debug] [2023-03-01T20:52:04.165Z] CLI Version:   11.23.1
[debug] [2023-03-01T20:52:04.165Z] Platform:      win32
[debug] [2023-03-01T20:52:04.165Z] Node Version:  v16.17.1
[debug] [2023-03-01T20:52:04.166Z] Time:          Thu Mar 02 2023 01:52:04 GMT+0500 (Pakistan Standard Time)
[debug] [2023-03-01T20:52:04.167Z] ----------------------------------------------------------------------
[debug] 
[debug] [2023-03-01T20:52:04.176Z] > command requires scopes: ["email","openid","https://www.googleapis.com/auth/cloudplatformprojects.readonly","https://www.googleapis.com/auth/firebase","https://www.googleapis.com/auth/cloud-platform"]
[debug] [2023-03-01T20:52:04.176Z] > authorizing via signed-in user (numanjafarshahzad@gmail.com)
[info] 
     ######## #### ########  ######## ########     ###     ######  ########
     ##        ##  ##     ## ##       ##     ##  ##   ##  ##       ##
     ######    ##  ########  ######   ########  #########  ######  ######
     ##        ##  ##    ##  ##       ##     ## ##     ##       ## ##
     ##       #### ##     ## ######## ########  ##     ##  ######  ########

You're about to initialize a Firebase project in this directory:

  D:\Full Stack\masClone\seguros-nextjs

